<?xml version="1.0" encoding="UTF-8"?>
<!-- Generated by org.testng.reporters.JUnitXMLReporter -->
<testsuite hostname="Ravneets-MacBook-Pro.local" name="RATestCases" tests="2" failures="2" timestamp="20 Jan 2020 20:17:27 GMT" time="12.008" errors="0">
  <testcase name="createApp on [TC_01_CreateRAApplication passed=0 failed=0 skipped=0]" time="0.001" classname="com.npw.testscripts.ra.TC_01_CreateRAApplication">
    <failure type="java.io.FileNotFoundException" message="TestData/RA_TestData.xls (No such file or directory)">
      <![CDATA[java.io.FileNotFoundException: TestData/RA_TestData.xls (No such file or directory)
	at java.io.FileInputStream.open0(Native Method)
	at java.io.FileInputStream.open(FileInputStream.java:195)
	at java.io.FileInputStream.<init>(FileInputStream.java:138)
	at jxl.Workbook.getWorkbook(Workbook.java:213)
	at jxl.Workbook.getWorkbook(Workbook.java:198)
	at com.om.framework.lib.Utilities.readTestData(Utilities.java:37)
	at com.npw.testscripts.ra.TC_01_CreateRAApplication.createApp(TC_01_CreateRAApplication.java:34)
... Removed 24 stack frames]]>
    </failure>
  </testcase> <!-- createApp on [TC_01_CreateRAApplication passed=0 failed=0 skipped=0] -->
  <testcase name="errorMsgLeadtrackerRA on [TC_02_errorMsgValidationLeadTrackerRAApplication passed=0 failed=0 skipped=0]" time="0.001" classname="com.npw.testscripts.ra.TC_02_errorMsgValidationLeadTrackerRAApplication">
    <failure type="java.io.FileNotFoundException" message="TestData/RA_TestData.xls (No such file or directory)">
      <![CDATA[java.io.FileNotFoundException: TestData/RA_TestData.xls (No such file or directory)
	at java.io.FileInputStream.open0(Native Method)
	at java.io.FileInputStream.open(FileInputStream.java:195)
	at java.io.FileInputStream.<init>(FileInputStream.java:138)
	at jxl.Workbook.getWorkbook(Workbook.java:213)
	at jxl.Workbook.getWorkbook(Workbook.java:198)
	at com.om.framework.lib.Utilities.readTestData(Utilities.java:37)
	at com.npw.testscripts.ra.TC_02_errorMsgValidationLeadTrackerRAApplication.errorMsgLeadtrackerRA(TC_02_errorMsgValidationLeadTrackerRAApplication.java:33)
... Removed 24 stack frames]]>
    </failure>
  </testcase> <!-- errorMsgLeadtrackerRA on [TC_02_errorMsgValidationLeadTrackerRAApplication passed=0 failed=0 skipped=0] -->
</testsuite> <!-- RATestCases -->
